<?xml version="1.0" encoding="UTF-8"?>
<!-- Generated by org.testng.reporters.JUnitXMLReporter -->
<testsuite ignored="0" hostname="DESKTOP-5EI2T52" failures="0" tests="5" name="Default test" time="121.157" errors="0" timestamp="2024-04-17T12:23:11 IST">
  <testcase classname="loyality.Login" name="verifyloginWithValidCredentials" time="5.719"/>
  <testcase classname="loyality.Login" name="verifyloginWithnulldata" time="3.467"/>
  <testcase classname="loyality.Login" name="verifyloginWithinValididAndInValidPassword" time="3.511"/>
  <testcase classname="loyality.Login" name="verifyloginWithinValidPasswordAndInValidId" time="3.581"/>
  <testcase classname="loyality.Login" name="verifyloginWithinValidCredentials" time="3.591"/>
</testsuite> <!-- Default test -->
