<?xml version="1.0" encoding="UTF-8"?>
<testng-results ignored="0" total="5" passed="5" failed="0" skipped="0">
  <reporter-output>
  </reporter-output>
  <suite started-at="2024-04-17T12:21:10 IST" name="Default suite" finished-at="2024-04-17T12:23:11 IST" duration-ms="121157">
    <groups>
    </groups>
    <test started-at="2024-04-17T12:21:10 IST" name="Default test" finished-at="2024-04-17T12:23:11 IST" duration-ms="121157">
      <class name="loyality.Login">
        <test-method is-config="true" signature="setup()[pri:0, instance:loyality.Login@5824a83d]" started-at="2024-04-17T12:21:10 IST" name="setup" finished-at="2024-04-17T12:21:25 IST" duration-ms="15060" status="PASS">
          <reporter-output>
          </reporter-output>
        </test-method> <!-- setup -->
        <test-method signature="verifyloginWithValidCredentials()[pri:1, instance:loyality.Login@5824a83d]" started-at="2024-04-17T12:21:25 IST" name="verifyloginWithValidCredentials" finished-at="2024-04-17T12:21:31 IST" duration-ms="5719" status="PASS">
          <reporter-output>
          </reporter-output>
        </test-method> <!-- verifyloginWithValidCredentials -->
        <test-method is-config="true" signature="teardown()[pri:0, instance:loyality.Login@5824a83d]" started-at="2024-04-17T12:21:31 IST" name="teardown" finished-at="2024-04-17T12:21:32 IST" duration-ms="386" status="PASS">
          <reporter-output>
          </reporter-output>
        </test-method> <!-- teardown -->
        <test-method is-config="true" signature="setup()[pri:0, instance:loyality.Login@5824a83d]" started-at="2024-04-17T12:21:32 IST" name="setup" finished-at="2024-04-17T12:21:47 IST" duration-ms="15418" status="PASS">
          <reporter-output>
          </reporter-output>
        </test-method> <!-- setup -->
        <test-method signature="verifyloginWithnulldata()[pri:2, instance:loyality.Login@5824a83d]" started-at="2024-04-17T12:21:47 IST" name="verifyloginWithnulldata" finished-at="2024-04-17T12:21:50 IST" duration-ms="3467" status="PASS">
          <reporter-output>
          </reporter-output>
        </test-method> <!-- verifyloginWithnulldata -->
        <test-method is-config="true" signature="teardown()[pri:0, instance:loyality.Login@5824a83d]" started-at="2024-04-17T12:21:50 IST" name="teardown" finished-at="2024-04-17T12:21:51 IST" duration-ms="314" status="PASS">
          <reporter-output>
          </reporter-output>
        </test-method> <!-- teardown -->
        <test-method is-config="true" signature="setup()[pri:0, instance:loyality.Login@5824a83d]" started-at="2024-04-17T12:21:51 IST" name="setup" finished-at="2024-04-17T12:22:04 IST" duration-ms="13585" status="PASS">
          <reporter-output>
          </reporter-output>
        </test-method> <!-- setup -->
        <test-method signature="verifyloginWithinValididAndInValidPassword()[pri:3, instance:loyality.Login@5824a83d]" started-at="2024-04-17T12:22:04 IST" name="verifyloginWithinValididAndInValidPassword" finished-at="2024-04-17T12:22:08 IST" duration-ms="3511" status="PASS">
          <reporter-output>
          </reporter-output>
        </test-method> <!-- verifyloginWithinValididAndInValidPassword -->
        <test-method is-config="true" signature="teardown()[pri:0, instance:loyality.Login@5824a83d]" started-at="2024-04-17T12:22:08 IST" name="teardown" finished-at="2024-04-17T12:22:08 IST" duration-ms="318" status="PASS">
          <reporter-output>
          </reporter-output>
        </test-method> <!-- teardown -->
        <test-method is-config="true" signature="setup()[pri:0, instance:loyality.Login@5824a83d]" started-at="2024-04-17T12:22:08 IST" name="setup" finished-at="2024-04-17T12:22:51 IST" duration-ms="42406" status="PASS">
          <reporter-output>
          </reporter-output>
        </test-method> <!-- setup -->
        <test-method signature="verifyloginWithinValidPasswordAndInValidId()[pri:4, instance:loyality.Login@5824a83d]" started-at="2024-04-17T12:22:51 IST" name="verifyloginWithinValidPasswordAndInValidId" finished-at="2024-04-17T12:22:54 IST" duration-ms="3581" status="PASS">
          <reporter-output>
          </reporter-output>
        </test-method> <!-- verifyloginWithinValidPasswordAndInValidId -->
        <test-method is-config="true" signature="teardown()[pri:0, instance:loyality.Login@5824a83d]" started-at="2024-04-17T12:22:54 IST" name="teardown" finished-at="2024-04-17T12:22:54 IST" duration-ms="235" status="PASS">
          <reporter-output>
          </reporter-output>
        </test-method> <!-- teardown -->
        <test-method is-config="true" signature="setup()[pri:0, instance:loyality.Login@5824a83d]" started-at="2024-04-17T12:22:54 IST" name="setup" finished-at="2024-04-17T12:23:08 IST" duration-ms="13216" status="PASS">
          <reporter-output>
          </reporter-output>
        </test-method> <!-- setup -->
        <test-method signature="verifyloginWithinValidCredentials()[pri:5, instance:loyality.Login@5824a83d]" started-at="2024-04-17T12:23:08 IST" name="verifyloginWithinValidCredentials" finished-at="2024-04-17T12:23:11 IST" duration-ms="3591" status="PASS">
          <reporter-output>
          </reporter-output>
        </test-method> <!-- verifyloginWithinValidCredentials -->
        <test-method is-config="true" signature="teardown()[pri:0, instance:loyality.Login@5824a83d]" started-at="2024-04-17T12:23:11 IST" name="teardown" finished-at="2024-04-17T12:23:11 IST" duration-ms="248" status="PASS">
          <reporter-output>
          </reporter-output>
        </test-method> <!-- teardown -->
      </class> <!-- loyality.Login -->
    </test> <!-- Default test -->
  </suite> <!-- Default suite -->
</testng-results>
